<?xml version="1.0" encoding="utf-8"?><testsuites name="pytest tests"><testsuite name="pytest" errors="0" failures="0" skipped="0" tests="6" time="12.005" timestamp="2026-05-01T21:12:23.296776+00:00" hostname="agent-env-1c167879-9f8a-4363-b9a7-5f1c5f9f3644"><testcase classname="backend.tests.test_status_active_filter.TestStatusActiveFilter" name="test_active_excludes_done" time="3.803" /><testcase classname="backend.tests.test_status_active_filter.TestStatusActiveFilter" name="test_done_returns_only_done" time="1.951" /><testcase classname="backend.tests.test_status_active_filter.TestStatusActiveFilter" name="test_no_status_returns_all" time="3.115" /><testcase classname="backend.tests.test_status_active_filter.TestStatusActiveFilter" name="test_status_todo_filter" time="1.582" /><testcase classname="backend.tests.test_status_active_filter.TestDeleteRegression" name="test_delete_then_404" time="1.418" /><testcase classname="backend.tests.test_status_active_filter.TestDeleteRegression" name="test_delete_unknown_returns_404" time="0.112" /></testsuite></testsuites>