<?xml version="1.0" encoding="utf-8"?><testsuites name="pytest tests"><testsuite name="pytest" errors="0" failures="1" skipped="0" tests="8" time="2.212" timestamp="2026-05-01T20:53:19.383897+00:00" hostname="agent-env-1c167879-9f8a-4363-b9a7-5f1c5f9f3644"><testcase classname="backend.tests.test_smart_notes.TestHealth" name="test_root" time="0.191" /><testcase classname="backend.tests.test_smart_notes.TestHealth" name="test_categories" time="0.072" /><testcase classname="backend.tests.test_smart_notes.TestNoteListing" name="test_list_all" time="0.086" /><testcase classname="backend.tests.test_smart_notes.TestNoteListing" name="test_filter_urgent" time="0.054" /><testcase classname="backend.tests.test_smart_notes.TestNoteListing" name="test_filter_status_todo" time="0.056" /><testcase classname="backend.tests.test_smart_notes.TestNoteListing" name="test_search_camion" time="0.054" /><testcase classname="backend.tests.test_smart_notes.TestNoteListing" name="test_filter_category_vehicules" time="0.051" /><testcase classname="backend.tests.test_smart_notes.TestNoteCRUD" name="test_get_single_note" time="1.534"><failure message="TypeError: list indices must be integers or slices, not str">E   TypeError: list indices must be integers or slices, not str</failure></testcase></testsuite></testsuites>