<?xml version="1.0" encoding="utf-8"?><testsuites name="pytest tests"><testsuite name="pytest" errors="0" failures="0" skipped="0" tests="19" time="17.171" timestamp="2026-05-01T20:32:11.684087+00:00" hostname="agent-env-1c167879-9f8a-4363-b9a7-5f1c5f9f3644"><testcase classname="tests.test_smart_notes.TestHealth" name="test_root" time="0.165" /><testcase classname="tests.test_smart_notes.TestHealth" name="test_categories" time="0.060" /><testcase classname="tests.test_smart_notes.TestNoteCreationAI" name="test_create_truck_insurance_note" time="1.523" /><testcase classname="tests.test_smart_notes.TestNoteCreationAI" name="test_create_amende_impots_urgent" time="1.554" /><testcase classname="tests.test_smart_notes.TestNoteCreationAI" name="test_create_simple_note_no_urgency" time="1.190" /><testcase classname="tests.test_smart_notes.TestNoteCreationAI" name="test_create_empty_payload_returns_400" time="0.048" /><testcase classname="tests.test_smart_notes.TestNoteListing" name="test_list_all" time="0.072" /><testcase classname="tests.test_smart_notes.TestNoteListing" name="test_filter_urgent" time="0.050" /><testcase classname="tests.test_smart_notes.TestNoteListing" name="test_filter_status_todo" time="0.051" /><testcase classname="tests.test_smart_notes.TestNoteListing" name="test_search_camion" time="0.047" /><testcase classname="tests.test_smart_notes.TestNoteListing" name="test_filter_category_vehicules" time="0.048" /><testcase classname="tests.test_smart_notes.TestNoteCRUD" name="test_get_single_note" time="1.498" /><testcase classname="tests.test_smart_notes.TestNoteCRUD" name="test_get_unknown_note_404" time="0.051" /><testcase classname="tests.test_smart_notes.TestNoteCRUD" name="test_status_lifecycle" time="1.277" /><testcase classname="tests.test_smart_notes.TestNoteCRUD" name="test_invalid_status" time="1.132" /><testcase classname="tests.test_smart_notes.TestNoteCRUD" name="test_toggle_urgent" time="1.651" /><testcase classname="tests.test_smart_notes.TestNoteCRUD" name="test_delete_note" time="1.544" /><testcase classname="tests.test_smart_notes.TestDashboard" name="test_dashboard_shape" time="0.059" /><testcase classname="tests.test_smart_notes.TestOCR" name="test_ocr_image_note" time="5.020" /></testsuite></testsuites>