<?xml version="1.0" encoding="utf-8"?><testsuites name="pytest tests"><testsuite name="pytest" errors="0" failures="0" skipped="0" tests="10" time="1.010" timestamp="2026-05-01T20:53:13.116004+00:00" hostname="agent-env-1c167879-9f8a-4363-b9a7-5f1c5f9f3644"><testcase classname="backend.tests.test_sort_and_categories.TestSortOptions" name="test_sort_recent_default_desc" time="0.325" /><testcase classname="backend.tests.test_sort_and_categories.TestSortOptions" name="test_sort_default_equals_recent" time="0.133" /><testcase classname="backend.tests.test_sort_and_categories.TestSortOptions" name="test_sort_oldest_asc" time="0.071" /><testcase classname="backend.tests.test_sort_and_categories.TestSortOptions" name="test_sort_urgent_first" time="0.058" /><testcase classname="backend.tests.test_sort_and_categories.TestSortOptions" name="test_sort_reminder_with_first_then_null" time="0.070" /><testcase classname="backend.tests.test_sort_and_categories.TestSortOptions" name="test_sort_category_alphabetical" time="0.060" /><testcase classname="backend.tests.test_sort_and_categories.TestSortOptions" name="test_sort_invalid_falls_back" time="0.059" /><testcase classname="backend.tests.test_sort_and_categories.TestSortWithFilters" name="test_sort_urgent_with_status_filter" time="0.061" /><testcase classname="backend.tests.test_sort_and_categories.TestSortWithFilters" name="test_sort_reminder_with_category" time="0.068" /><testcase classname="backend.tests.test_sort_and_categories.TestDashboardCategories" name="test_dashboard_by_category_descending_count" time="0.077" /></testsuite></testsuites>